<?xml version="1.0" encoding="UTF-8"?>
<testng-results ignored="0" total="1" passed="1" failed="0" skipped="0">
  <reporter-output>
    <line>
      <![CDATA[Stock-000002841     Stock-000002841]]>
    </line>
    <line>
      <![CDATA[Supplier-00000005069      Supplier-00000005069]]>
    </line>
    <line>
      <![CDATA[Customer-00000010223      Customer-00000010223]]>
    </line>
  </reporter-output>
  <suite started-at="2024-09-08T22:25:55 IST" name="Surefire suite" finished-at="2024-09-08T22:29:29 IST" duration-ms="213878">
    <groups>
    </groups>
    <test started-at="2024-09-08T22:25:55 IST" name="Surefire test" finished-at="2024-09-08T22:29:29 IST" duration-ms="213878">
      <class name="driverFactory.AppTest">
        <test-method signature="kickStart()[pri:0, instance:driverFactory.AppTest@3b07a0d6]" started-at="2024-09-08T22:25:55 IST" name="kickStart" finished-at="2024-09-08T22:29:29 IST" duration-ms="213844" status="PASS">
          <reporter-output>
            <line>
              <![CDATA[Stock-000002841     Stock-000002841]]>
            </line>
            <line>
              <![CDATA[Supplier-00000005069      Supplier-00000005069]]>
            </line>
            <line>
              <![CDATA[Customer-00000010223      Customer-00000010223]]>
            </line>
          </reporter-output>
        </test-method> <!-- kickStart -->
      </class> <!-- driverFactory.AppTest -->
    </test> <!-- Surefire test -->
  </suite> <!-- Surefire suite -->
</testng-results>
