<?xml version="1.0" encoding="UTF-8"?>
<testng-results ignored="0" total="1" passed="1" failed="0" skipped="0">
  <reporter-output>
    <line>
      <![CDATA[Stock-000002884     Stock-000002884]]>
    </line>
    <line>
      <![CDATA[Supplier-00000005265      Supplier-00000005265]]>
    </line>
    <line>
      <![CDATA[Customer-00000010350      Customer-00000010350]]>
    </line>
  </reporter-output>
  <suite started-at="2024-09-11T12:25:54 IST" name="Surefire suite" finished-at="2024-09-11T12:27:12 IST" duration-ms="77662">
    <groups>
    </groups>
    <test started-at="2024-09-11T12:25:54 IST" name="Surefire test" finished-at="2024-09-11T12:27:12 IST" duration-ms="77662">
      <class name="driverFactory.AppTest">
        <test-method signature="kickStart()[pri:0, instance:driverFactory.AppTest@3b07a0d6]" started-at="2024-09-11T12:25:54 IST" name="kickStart" finished-at="2024-09-11T12:27:12 IST" duration-ms="77625" status="PASS">
          <reporter-output>
            <line>
              <![CDATA[Stock-000002884     Stock-000002884]]>
            </line>
            <line>
              <![CDATA[Supplier-00000005265      Supplier-00000005265]]>
            </line>
            <line>
              <![CDATA[Customer-00000010350      Customer-00000010350]]>
            </line>
          </reporter-output>
        </test-method> <!-- kickStart -->
      </class> <!-- driverFactory.AppTest -->
    </test> <!-- Surefire test -->
  </suite> <!-- Surefire suite -->
</testng-results>
